<?xml version="1.0" encoding="UTF-8"?>
<coverage generated="1571810645631" clover="3.2.0">
  <project timestamp="1571810645631" name="All files">
    <metrics statements="13" coveredstatements="13" conditionals="0" coveredconditionals="0" methods="2" coveredmethods="2" elements="15" coveredelements="15" complexity="0" loc="13" ncloc="13" packages="1" files="1" classes="1">
      <file name="server.js" path="C:\dev\react-projects\jotto-server\udemy-react-testing-projects\random-word-server\server.js">
        <metrics statements="13" coveredstatements="13" conditionals="0" coveredconditionals="0" methods="2" coveredmethods="2"/>
        <line num="1" count="1" type="stmt"/>
        <line num="2" count="1" type="stmt"/>
        <line num="3" count="1" type="stmt"/>
        <line num="5" count="1" type="stmt"/>
        <line num="8" count="1" type="stmt"/>
        <line num="14" count="1" type="stmt"/>
        <line num="15" count="1" type="stmt"/>
        <line num="16" count="1" type="stmt"/>
        <line num="18" count="1" type="stmt"/>
        <line num="20" count="2" type="stmt"/>
        <line num="23" count="2" type="stmt"/>
        <line num="26" count="1" type="stmt"/>
        <line num="28" count="1" type="stmt"/>
      </file>
    </metrics>
  </project>
</coverage>
