{"C:\\dev\\react-projects\\jotto-server\\udemy-react-testing-projects\\random-word-server\\server.js": {"path":"C:\\dev\\react-projects\\jotto-server\\udemy-react-testing-projects\\random-word-server\\server.js","statementMap":{"0":{"start":{"line":1,"column":16},"end":{"line":1,"column":34}},"1":{"start":{"line":2,"column":13},"end":{"line":2,"column":28}},"2":{"start":{"line":3,"column":11},"end":{"line":3,"column":24}},"3":{"start":{"line":5,"column":12},"end":{"line":5,"column":21}},"4":{"start":{"line":8,"column":0},"end":{"line":11,"column":3}},"5":{"start":{"line":14,"column":21},"end":{"line":14,"column":73}},"6":{"start":{"line":15,"column":14},"end":{"line":15,"column":38}},"7":{"start":{"line":16,"column":28},"end":{"line":16,"column":33}},"8":{"start":{"line":18,"column":0},"end":{"line":24,"column":2}},"9":{"start":{"line":20,"column":15},"end":{"line":20,"column":82}},"10":{"start":{"line":23,"column":2},"end":{"line":23,"column":16}},"11":{"start":{"line":26,"column":0},"end":{"line":26,"column":74}},"12":{"start":{"line":26,"column":23},"end":{"line":26,"column":73}},"13":{"start":{"line":28,"column":0},"end":{"line":28,"column":21}}},"fnMap":{"0":{"name":"(anonymous_0)","decl":{"start":{"line":18,"column":13},"end":{"line":18,"column":14}},"loc":{"start":{"line":18,"column":27},"end":{"line":24,"column":1}},"line":18},"1":{"name":"(anonymous_1)","decl":{"start":{"line":26,"column":17},"end":{"line":26,"column":18}},"loc":{"start":{"line":26,"column":23},"end":{"line":26,"column":73}},"line":26}},"branchMap":{},"s":{"0":1,"1":1,"2":1,"3":1,"4":1,"5":1,"6":1,"7":1,"8":1,"9":2,"10":2,"11":1,"12":1,"13":1},"f":{"0":2,"1":1},"b":{},"_coverageSchema":"332fd63041d2c1bcb487cc26dd0d5f7d97098a6c","hash":"e2680918fd762c36044244add37089b76a75af19"}
}
